<?xml version="1.0" encoding="UTF-8"?>
<testng-results ignored="0" total="1" passed="1" failed="0" skipped="0">
  <reporter-output>
  </reporter-output>
  <suite started-at="2025-05-02T14:28:53 EDT" name="Suite" finished-at="2025-05-02T14:29:04 EDT" duration-ms="11024">
    <groups>
    </groups>
    <test started-at="2025-05-02T14:28:53 EDT" name="Test" finished-at="2025-05-02T14:29:04 EDT" duration-ms="11024">
      <class name="salesforce_test.Simpletest">
        <test-method signature="CreateAccount()[pri:0, instance:salesforce_test.Simpletest@7880cdf3]" started-at="2025-05-02T14:28:53 EDT" name="CreateAccount" finished-at="2025-05-02T14:29:04 EDT" duration-ms="10988" status="PASS">
          <reporter-output>
          </reporter-output>
        </test-method> <!-- CreateAccount -->
      </class> <!-- salesforce_test.Simpletest -->
    </test> <!-- Test -->
  </suite> <!-- Suite -->
</testng-results>
