<?xml version="1.0" encoding="UTF-8"?>
<testng-results ignored="0" total="1" passed="1" failed="0" skipped="0">
  <reporter-output>
  </reporter-output>
  <suite started-at="2025-05-02T12:42:49 EDT" name="Default suite" finished-at="2025-05-02T12:42:55 EDT" duration-ms="5662">
    <groups>
    </groups>
    <test started-at="2025-05-02T12:42:49 EDT" name="Default test" finished-at="2025-05-02T12:42:55 EDT" duration-ms="5662">
      <class name="salesforce_test.Simpletest">
        <test-method signature="CreateAccount()[pri:0, instance:salesforce_test.Simpletest@5a56cdac]" started-at="2025-05-02T12:42:49 EDT" name="CreateAccount" finished-at="2025-05-02T12:42:55 EDT" duration-ms="5624" status="PASS">
          <reporter-output>
          </reporter-output>
        </test-method> <!-- CreateAccount -->
      </class> <!-- salesforce_test.Simpletest -->
    </test> <!-- Default test -->
  </suite> <!-- Default suite -->
</testng-results>
